<?xml version="1.0" encoding="UTF-8"?>
<!-- Generated by org.testng.reporters.JUnitReportReporter -->
<testsuite hostname="LAPTOP-0RS3NVCQ" failures="0" tests="3" name="Runner.Runner" time="202.195" errors="0" timestamp="2022-10-10T13:50:51 EDT" skipped="0">
  <testcase classname="Runner.Runner" name="runScenario" time="92.902"/>
  <system-out/>
  <testcase classname="Runner.Runner" name="runScenario" time="56.309"/>
  <system-out/>
  <testcase classname="Runner.Runner" name="runScenario" time="52.984"/>
  <system-out/>
</testsuite> <!-- Runner.Runner -->
